<?xml version="1.0" encoding="UTF-8"?>
<testsuite name="global.coda.hms.HmsApplicationTests" tests="1" skipped="0" failures="0" errors="0" timestamp="2020-01-17T10:05:10" hostname="DESKTOP-ATQ8LQ9" time="0.505">
  <properties/>
  <testcase name="contextLoads()" classname="global.coda.hms.HmsApplicationTests" time="0.505"/>
  <system-out><![CDATA[15:35:07.255 [Test worker] DEBUG org.springframework.test.context.BootstrapUtils - Instantiating CacheAwareContextLoaderDelegate from class [org.springframework.test.context.cache.DefaultCacheAwareContextLoaderDelegate]
15:35:07.270 [Test worker] DEBUG org.springframework.test.context.BootstrapUtils - Instantiating BootstrapContext using constructor [public org.springframework.test.context.support.DefaultBootstrapContext(java.lang.Class,org.springframework.test.context.CacheAwareContextLoaderDelegate)]
15:35:07.300 [Test worker] DEBUG org.springframework.test.context.BootstrapUtils - Instantiating TestContextBootstrapper for test class [global.coda.hms.HmsApplicationTests] from class [org.springframework.boot.test.context.SpringBootTestContextBootstrapper]
15:35:07.327 [Test worker] INFO org.springframework.boot.test.context.SpringBootTestContextBootstrapper - Neither @ContextConfiguration nor @ContextHierarchy found for test class [global.coda.hms.HmsApplicationTests], using SpringBootContextLoader
15:35:07.330 [Test worker] DEBUG org.springframework.test.context.support.AbstractContextLoader - Did not detect default resource location for test class [global.coda.hms.HmsApplicationTests]: class path resource [global/coda/hms/HmsApplicationTests-context.xml] does not exist
15:35:07.331 [Test worker] DEBUG org.springframework.test.context.support.AbstractContextLoader - Did not detect default resource location for test class [global.coda.hms.HmsApplicationTests]: class path resource [global/coda/hms/HmsApplicationTestsContext.groovy] does not exist
15:35:07.331 [Test worker] INFO org.springframework.test.context.support.AbstractContextLoader - Could not detect default resource locations for test class [global.coda.hms.HmsApplicationTests]: no resource found for suffixes {-context.xml, Context.groovy}.
15:35:07.332 [Test worker] INFO org.springframework.test.context.support.AnnotationConfigContextLoaderUtils - Could not detect default configuration classes for test class [global.coda.hms.HmsApplicationTests]: HmsApplicationTests does not declare any static, non-private, non-final, nested classes annotated with @Configuration.
15:35:07.371 [Test worker] DEBUG org.springframework.test.context.support.ActiveProfilesUtils - Could not find an 'annotation declaring class' for annotation type [org.springframework.test.context.ActiveProfiles] and class [global.coda.hms.HmsApplicationTests]
15:35:07.457 [Test worker] DEBUG org.springframework.context.annotation.ClassPathScanningCandidateComponentProvider - Identified candidate component class: file [D:\Senapathi\hms\build\classes\java\main\global\coda\hms\HmsApplication.class]
15:35:07.459 [Test worker] INFO org.springframework.boot.test.context.SpringBootTestContextBootstrapper - Found @SpringBootConfiguration global.coda.hms.HmsApplication for test class global.coda.hms.HmsApplicationTests
15:35:07.577 [Test worker] DEBUG org.springframework.boot.test.context.SpringBootTestContextBootstrapper - @TestExecutionListeners is not present for class [global.coda.hms.HmsApplicationTests]: using defaults.
15:35:07.579 [Test worker] INFO org.springframework.boot.test.context.SpringBootTestContextBootstrapper - Loaded default TestExecutionListener class names from location [META-INF/spring.factories]: [org.springframework.boot.test.autoconfigure.restdocs.RestDocsTestExecutionListener, org.springframework.boot.test.autoconfigure.web.client.MockRestServiceServerResetTestExecutionListener, org.springframework.boot.test.autoconfigure.web.servlet.MockMvcPrintOnlyOnFailureTestExecutionListener, org.springframework.boot.test.autoconfigure.web.servlet.WebDriverTestExecutionListener, org.springframework.boot.test.mock.mockito.MockitoTestExecutionListener, org.springframework.boot.test.mock.mockito.ResetMocksTestExecutionListener, org.springframework.test.context.web.ServletTestExecutionListener, org.springframework.test.context.support.DirtiesContextBeforeModesTestExecutionListener, org.springframework.test.context.support.DependencyInjectionTestExecutionListener, org.springframework.test.context.support.DirtiesContextTestExecutionListener, org.springframework.test.context.transaction.TransactionalTestExecutionListener, org.springframework.test.context.jdbc.SqlScriptsTestExecutionListener, org.springframework.test.context.event.EventPublishingTestExecutionListener]
15:35:07.595 [Test worker] INFO org.springframework.boot.test.context.SpringBootTestContextBootstrapper - Using TestExecutionListeners: [org.springframework.test.context.web.ServletTestExecutionListener@1594fcfb, org.springframework.test.context.support.DirtiesContextBeforeModesTestExecutionListener@647d4049, org.springframework.boot.test.mock.mockito.MockitoTestExecutionListener@4f665b2b, org.springframework.boot.test.autoconfigure.SpringBootDependencyInjectionTestExecutionListener@114c307a, org.springframework.test.context.support.DirtiesContextTestExecutionListener@238d758c, org.springframework.test.context.transaction.TransactionalTestExecutionListener@2d7c06bc, org.springframework.test.context.jdbc.SqlScriptsTestExecutionListener@503eaf3b, org.springframework.test.context.event.EventPublishingTestExecutionListener@20018aa6, org.springframework.boot.test.autoconfigure.restdocs.RestDocsTestExecutionListener@6868aa3f, org.springframework.boot.test.autoconfigure.web.client.MockRestServiceServerResetTestExecutionListener@256c1868, org.springframework.boot.test.autoconfigure.web.servlet.MockMvcPrintOnlyOnFailureTestExecutionListener@8e3c89, org.springframework.boot.test.autoconfigure.web.servlet.WebDriverTestExecutionListener@2c76d284, org.springframework.boot.test.mock.mockito.ResetMocksTestExecutionListener@1e2ac67]
15:35:07.598 [Test worker] DEBUG org.springframework.test.context.support.AbstractDirtiesContextTestExecutionListener - Before test class: context [DefaultTestContext@688e0d6 testClass = HmsApplicationTests, testInstance = [null], testMethod = [null], testException = [null], mergedContextConfiguration = [WebMergedContextConfiguration@4d9cef72 testClass = HmsApplicationTests, locations = '{}', classes = '{class global.coda.hms.HmsApplication}', contextInitializerClasses = '[]', activeProfiles = '{}', propertySourceLocations = '{}', propertySourceProperties = '{org.springframework.boot.test.context.SpringBootTestContextBootstrapper=true}', contextCustomizers = set[org.springframework.boot.test.autoconfigure.properties.PropertyMappingContextCustomizer@0, org.springframework.boot.test.autoconfigure.web.servlet.WebDriverContextCustomizerFactory$Customizer@5b9173, org.springframework.boot.test.context.filter.ExcludeFilterContextCustomizer@4deb23df, org.springframework.boot.test.json.DuplicateJsonObjectContextCustomizerFactory$DuplicateJsonObjectContextCustomizer@4b7d8603, org.springframework.boot.test.mock.mockito.MockitoContextCustomizer@0, org.springframework.boot.test.web.client.TestRestTemplateContextCustomizer@4303f48a], resourceBasePath = 'src/main/webapp', contextLoader = 'org.springframework.boot.test.context.SpringBootContextLoader', parent = [null]], attributes = map['org.springframework.test.context.web.ServletTestExecutionListener.activateListener' -> true]], class annotated with @DirtiesContext [false] with mode [null].
15:35:07.636 [Test worker] DEBUG org.springframework.test.context.support.TestPropertySourceUtils - Adding inlined properties to environment: {spring.jmx.enabled=false, org.springframework.boot.test.context.SpringBootTestContextBootstrapper=true, server.port=-1}

  .   ____          _            __ _ _
 /\\ / ___'_ __ _ _(_)_ __  __ _ \ \ \ \
( ( )\___ | '_ | '_| | '_ \/ _` | \ \ \ \
 \\/  ___)| |_)| | | | | || (_| |  ) ) ) )
  '  |____| .__|_| |_|_| |_\__, | / / / /
 =========|_|==============|___/=/_/_/_/
 :: Spring Boot ::  (v2.2.3.BUILD-SNAPSHOT)

2020-01-17 15:35:08.070  INFO 1592 --- [    Test worker] global.coda.hms.HmsApplicationTests      : Starting HmsApplicationTests on DESKTOP-ATQ8LQ9 with PID 1592 (started by VC in D:\Senapathi\hms)
2020-01-17 15:35:08.073  INFO 1592 --- [    Test worker] global.coda.hms.HmsApplicationTests      : No active profile set, falling back to default profiles: default
2020-01-17 15:35:10.279  INFO 1592 --- [    Test worker] o.s.s.concurrent.ThreadPoolTaskExecutor  : Initializing ExecutorService 'applicationTaskExecutor'
2020-01-17 15:35:10.706  INFO 1592 --- [    Test worker] global.coda.hms.HmsApplicationTests      : Started HmsApplicationTests in 3.055 seconds (JVM running for 4.741)
]]></system-out>
  <system-err><![CDATA[Loading class `com.mysql.jdbc.Driver'. This is deprecated. The new driver class is `com.mysql.cj.jdbc.Driver'. The driver is automatically registered via the SPI and manual loading of the driver class is generally unnecessary.
]]></system-err>
</testsuite>
